This is pdfeTeX, Version 3.141592-1.21a-2.2 (Web2C 7.5.4) (format=pdflatex 2008.11.17)  22 NOV 2008 09:19
entering extended mode
**qm2pi.tex
(./qm2pi.tex
LaTeX2e <2003/12/01>
Babel <v3.8d> and hyphenation patterns for american, french, german, ngerman, b
ahasa, basque, bulgarian, catalan, croatian, czech, danish, dutch, esperanto, e
stonian, finnish, greek, icelandic, irish, italian, latin, magyar, norsk, polis
h, portuges, romanian, russian, serbian, slovak, slovene, spanish, swedish, tur
kish, ukrainian, nohyphenation, loaded.
(./llncs.cls
Document Class: llncs 2000/05/16 v2.8 
LaTeX document class for Lecture Notes in Computer Science
(/opt/local/share/texmf-dist/tex/latex/base/article.cls
Document Class: article 2004/02/16 v1.4f Standard LaTeX document class
(/opt/local/share/texmf-dist/tex/latex/base/size12.clo
File: size12.clo 2004/02/16 v1.4f Standard LaTeX file (size option)
)
\c@part=\count79
\c@section=\count80
\c@subsection=\count81
\c@subsubsection=\count82
\c@paragraph=\count83
\c@subparagraph=\count84
\c@figure=\count85
\c@table=\count86
\abovecaptionskip=\skip41
\belowcaptionskip=\skip42
\bibindent=\dimen102
)
(/opt/local/share/texmf-dist/tex/latex/tools/multicol.sty
Package: multicol 2004/02/14 v1.6e multicolumn formatting (FMi)
\c@tracingmulticols=\count87
\mult@box=\box26
\multicol@leftmargin=\dimen103
\c@unbalance=\count88
\c@collectmore=\count89
\doublecol@number=\count90
\multicoltolerance=\count91
\multicolpretolerance=\count92
\full@width=\dimen104
\page@free=\dimen105
\premulticols=\dimen106
\postmulticols=\dimen107
\multicolsep=\skip43
\multicolbaselineskip=\skip44
\partial@page=\box27
\last@line=\box28
\mult@rightbox=\box29
\mult@grightbox=\box30
\mult@gfirstbox=\box31
\mult@firstbox=\box32
\@tempa=\box33
\@tempa=\box34
\@tempa=\box35
\@tempa=\box36
\@tempa=\box37
\@tempa=\box38
\@tempa=\box39
\@tempa=\box40
\@tempa=\box41
\@tempa=\box42
\@tempa=\box43
\@tempa=\box44
\@tempa=\box45
\@tempa=\box46
\@tempa=\box47
\@tempa=\box48
\@tempa=\box49
\c@columnbadness=\count93
\c@finalcolumnbadness=\count94
\last@try=\dimen108
\multicolovershoot=\dimen109
\multicolundershoot=\dimen110
\mult@nat@firstbox=\box50
\colbreak@box=\box51
)
\c@chapter=\count95
LaTeX Font Info:    Redeclaring math symbol \Gamma on input line 199.
LaTeX Font Info:    Redeclaring math symbol \Delta on input line 200.
LaTeX Font Info:    Redeclaring math symbol \Theta on input line 201.
LaTeX Font Info:    Redeclaring math symbol \Lambda on input line 202.
LaTeX Font Info:    Redeclaring math symbol \Xi on input line 203.
LaTeX Font Info:    Redeclaring math symbol \Pi on input line 204.
LaTeX Font Info:    Redeclaring math symbol \Sigma on input line 205.
LaTeX Font Info:    Redeclaring math symbol \Upsilon on input line 206.
LaTeX Font Info:    Redeclaring math symbol \Phi on input line 207.
LaTeX Font Info:    Redeclaring math symbol \Psi on input line 208.
LaTeX Font Info:    Redeclaring math symbol \Omega on input line 209.
\tocchpnum=\dimen111
\tocsecnum=\dimen112
\tocsectotal=\dimen113
\tocsubsecnum=\dimen114
\tocsubsectotal=\dimen115
\tocsubsubsecnum=\dimen116
\tocsubsubsectotal=\dimen117
\tocparanum=\dimen118
\tocparatotal=\dimen119
\tocsubparanum=\dimen120
\@tempcntc=\count96
\fnindent=\dimen121
\c@@inst=\count97
\c@@auth=\count98
\c@auco=\count99
\instindent=\dimen122
\authrun=\box52
\authorrunning=\toks14
\tocauthor=\toks15
\titrun=\box53
\titlerunning=\toks16
\toctitle=\toks17
\c@theorem=\count100
\c@case=\count101
\c@conjecture=\count102
\c@corollary=\count103
\c@definition=\count104
\c@example=\count105
\c@exercise=\count106
\c@lemma=\count107
\c@note=\count108
\c@problem=\count109
\c@property=\count110
\c@proposition=\count111
\c@question=\count112
\c@solution=\count113
\c@remark=\count114
\headlineindent=\dimen123
)
(/opt/local/share/texmf-dist/tex/latex/hyperref/hyperref.sty
Package: hyperref 2003/11/30 v6.74m Hypertext links for LaTeX

(/opt/local/share/texmf-dist/tex/latex/graphics/keyval.sty
Package: keyval 1999/03/16 v1.13 key=value parser (DPC)
\KV@toks@=\toks18
)
\@linkdim=\dimen124
\Hy@linkcounter=\count115
\Hy@pagecounter=\count116

(/opt/local/share/texmf-dist/tex/latex/hyperref/pd1enc.def
File: pd1enc.def 2003/11/30 v6.74m Hyperref: PDFDocEncoding definition (HO)
)
(/opt/local/share/texmf-dist/tex/latex/hyperref/hyperref.cfg
File: hyperref.cfg 2002/06/06 v1.2 hyperref configuration of TeXLive and teTeX
)
Package hyperref Info: Hyper figures OFF on input line 1880.
Package hyperref Info: Link nesting OFF on input line 1885.
Package hyperref Info: Hyper index ON on input line 1888.
Package hyperref Info: Plain pages ON on input line 1893.
Package hyperref Info: Backreferencing OFF on input line 1900.

Implicit mode ON; LaTeX internals redefined
Package hyperref Info: Bookmarks ON on input line 2004.
(/opt/local/share/texmf-dist/tex/latex/url/url.sty
\Urlmuskip=\muskip10
Package: url 2004/03/15  ver 3.1  Verb mode for urls, etc.
)
LaTeX Info: Redefining \url on input line 2143.
\Fld@menulength=\count117
\Field@Width=\dimen125
\Fld@charsize=\dimen126
\Choice@toks=\toks19
\Field@toks=\toks20
Package hyperref Info: Hyper figures OFF on input line 2618.
Package hyperref Info: Link nesting OFF on input line 2623.
Package hyperref Info: Hyper index ON on input line 2626.
Package hyperref Info: backreferencing OFF on input line 2633.
Package hyperref Info: Link coloring OFF on input line 2638.
\c@Item=\count118
\c@Hfootnote=\count119
)
*hyperref using driver hpdftex*
(/opt/local/share/texmf-dist/tex/latex/hyperref/hpdftex.def
File: hpdftex.def 2003/11/30 v6.74m Hyperref driver for pdfTeX

(/opt/local/share/texmf-dist/tex/latex/psnfss/pifont.sty
Package: pifont 2004/09/15 PSNFSS-v9.2 Pi font support (SPQR) 
LaTeX Font Info:    Try loading font information for U+pzd on input line 63.

(/opt/local/share/texmf-dist/tex/latex/psnfss/upzd.fd
File: upzd.fd 2001/06/04 font definitions for U/pzd.
)
LaTeX Font Info:    Try loading font information for U+psy on input line 64.

(/opt/local/share/texmf-dist/tex/latex/psnfss/upsy.fd
File: upsy.fd 2001/06/04 font definitions for U/psy.
))
\Fld@listcount=\count120
\@outlinefile=\write3
)
(/opt/local/share/texmf-dist/tex/latex/listings/listings.sty
\lst@mode=\count121
\lst@gtempboxa=\box54
\lst@token=\toks21
\lst@length=\count122
\lst@currlwidth=\dimen127
\lst@column=\count123
\lst@pos=\count124
\lst@lostspace=\dimen128
\lst@width=\dimen129
\lst@newlines=\count125
\lst@lineno=\count126
\c@lstlisting=\count127
\lst@maxwidth=\dimen130

(/opt/local/share/texmf-dist/tex/latex/listings/lstpatch.sty
File: lstpatch.sty 2004/10/17 1.3b (Carsten Heinz)
)
(/opt/local/share/texmf-dist/tex/latex/listings/lstmisc.sty
File: lstmisc.sty 2004/09/07 1.3 (Carsten Heinz)
\c@lstnumber=\count128
\lst@skipnumbers=\count129
\lst@framebox=\box55
)
(/opt/local/share/texmf-dist/tex/latex/listings/listings.cfg
File: listings.cfg 2004/09/05 1.3 listings configuration
))
Package: listings 2004/10/17 1.3b (Carsten Heinz)

(./mathpartir.sty
Package: mathpartir 2003/07/10 version 1.1.1 Math Paragraph for Typesetting Inf
erence Rules
\mpr@tmpdim=\dimen131
\mpr@andskip=\skip45
\mpr@lista=\toks22
\mpr@listb=\toks23
\mpr@hlist=\box56
\mpr@vlist=\box57
\mpr@right=\box58
\rule@dimen=\dimen132
) (./bcprules.sty
\afterruleskip=\skip46
\labelminsep=\skip47
\labelcolwidth=\dimen133
\@labelbox=\box59
\rulebox=\box60
\ruledim=\dimen134
\labeldim=\dimen135
)
(/opt/local/share/texmf-dist/tex/latex/graphics/graphicx.sty
Package: graphicx 1999/02/16 v1.0f Enhanced LaTeX Graphics (DPC,SPQR)

(/opt/local/share/texmf-dist/tex/latex/graphics/graphics.sty
Package: graphics 2001/07/07 v1.0n Standard LaTeX Graphics (DPC,SPQR)

(/opt/local/share/texmf-dist/tex/latex/graphics/trig.sty
Package: trig 1999/03/16 v1.09 sin cos tan (DPC)
)
(/opt/local/share/texmf-dist/tex/latex/graphics/graphics.cfg
File: graphics.cfg 2005/02/03 v1.3 graphics configuration of teTeX/TeXLive
)
Package graphics Info: Driver file: pdftex.def on input line 80.

(/opt/local/share/texmf-dist/tex/latex/graphics/pdftex.def
File: pdftex.def 2002/06/19 v0.03k graphics/color for pdftex
\Gread@gobject=\count130
))
\Gin@req@height=\dimen136
\Gin@req@width=\dimen137
)
(/opt/local/share/texmf-dist/tex/latex/amsfonts/amsfonts.sty
Package: amsfonts 2001/10/25 v2.2f
\@emptytoks=\toks24
\symAMSa=\mathgroup4
\symAMSb=\mathgroup5
LaTeX Font Info:    Overwriting math alphabet `\mathfrak' in version `bold'
(Font)                  U/euf/m/n --> U/euf/b/n on input line 132.
)
(/opt/local/share/texmf-dist/tex/latex/amsmath/amstext.sty
Package: amstext 2000/06/29 v2.01

(/opt/local/share/texmf-dist/tex/latex/amsmath/amsgen.sty
File: amsgen.sty 1999/11/30 v2.0
\@emptytoks=\toks25
\ex@=\dimen138
))
(/opt/local/share/texmf-dist/tex/latex/base/latexsym.sty
Package: latexsym 1998/08/17 v2.2e Standard LaTeX package (lasy symbols)
\symlasy=\mathgroup6
LaTeX Font Info:    Overwriting symbol font `lasy' in version `bold'
(Font)                  U/lasy/m/n --> U/lasy/b/n on input line 47.
)
(/opt/local/share/texmf-dist/tex/latex/amsfonts/amssymb.sty
Package: amssymb 2002/01/22 v2.2d
)
(/opt/local/share/texmf-dist/tex/latex/graphics/color.sty
Package: color 1999/02/16 v1.0i Standard LaTeX Color (DPC)

(/opt/local/share/texmf-dist/tex/latex/graphics/color.cfg
File: color.cfg 2005/02/03 v1.3 color configuration of teTeX/TeXLive
)
Package color Info: Driver file: pdftex.def on input line 125.
)
\@input{qm2pi.local.aux}
\openout2 = `qm2pi.local.aux'.

(./qm2pi.local.tex
\ltext=\skip48
\lmath=\skip49
\cmath=\skip50
\rmath=\skip51
\rtext=\skip52
LaTeX Font Info:    Try loading font information for U+msa on input line 170.
 (/opt/local/share/texmf-dist/tex/latex/amsfonts/umsa.fd
File: umsa.fd 2002/01/19 v2.2g AMS font definitions
)
LaTeX Font Info:    Try loading font information for U+msb on input line 170.

(/opt/local/share/texmf-dist/tex/latex/amsfonts/umsb.fd
File: umsb.fd 2002/01/19 v2.2g AMS font definitions
)
LaTeX Font Info:    Try loading font information for U+lasy on input line 170.

(/opt/local/share/texmf-dist/tex/latex/base/ulasy.fd
File: ulasy.fd 1998/08/17 v2.2e LaTeX symbol font definitions
))
No file qm2pi.aux.
\openout1 = `qm2pi.aux'.

LaTeX Font Info:    Checking defaults for OML/cmm/m/it on input line 43.
LaTeX Font Info:    ... okay on input line 43.
LaTeX Font Info:    Checking defaults for T1/cmr/m/n on input line 43.
LaTeX Font Info:    ... okay on input line 43.
LaTeX Font Info:    Checking defaults for OT1/cmr/m/n on input line 43.
LaTeX Font Info:    ... okay on input line 43.
LaTeX Font Info:    Checking defaults for OMS/cmsy/m/n on input line 43.
LaTeX Font Info:    ... okay on input line 43.
LaTeX Font Info:    Checking defaults for OMX/cmex/m/n on input line 43.
LaTeX Font Info:    ... okay on input line 43.
LaTeX Font Info:    Checking defaults for U/cmr/m/n on input line 43.
LaTeX Font Info:    ... okay on input line 43.
LaTeX Font Info:    Checking defaults for PD1/pdf/m/n on input line 43.
LaTeX Font Info:    ... okay on input line 43.
Package hyperref Info: Link coloring OFF on input line 43.
(/opt/local/share/texmf-dist/tex/latex/hyperref/nameref.sty
Package: nameref 2003/12/03 v2.21 Cross-referencing by name of section
\c@section@level=\count131
)
LaTeX Info: Redefining \ref on input line 43.
LaTeX Info: Redefining \pageref on input line 43.
\openout3 = `qm2pi.out'.


(/opt/local/share/texmf-dist/tex/context/base/supp-pdf.tex
(/opt/local/share/texmf-dist/tex/context/base/supp-mis.tex
loading : Context Support Macros / Miscellaneous (2004.10.26)
\protectiondepth=\count132
\scratchcounter=\count133
\scratchtoks=\toks26
\scratchdimen=\dimen139
\scratchskip=\skip53
\scratchmuskip=\muskip11
\scratchbox=\box61
\scratchread=\read1
\scratchwrite=\write4
\zeropoint=\dimen140
\onepoint=\dimen141
\onebasepoint=\dimen142
\minusone=\count134
\thousandpoint=\dimen143
\onerealpoint=\dimen144
\emptytoks=\toks27
\nextbox=\box62
\nextdepth=\dimen145
\everyline=\toks28
\!!counta=\count135
\!!countb=\count136
\recursecounter=\count137
)
loading : Context Support Macros / PDF (2004.03.26)
\nofMPsegments=\count138
\nofMParguments=\count139
\MPscratchCnt=\count140
\MPscratchDim=\dimen146
\MPnumerator=\count141
\everyMPtoPDFconversion=\toks29
) (/opt/local/share/texmf-dist/tex/latex/listings/lstlang1.sty
File: lstlang1.sty 2004/09/05 1.3 listings language file
)
(/opt/local/share/texmf-dist/tex/latex/listings/lstlang2.sty
File: lstlang2.sty 2004/09/05 1.3 listings language file
)
(/opt/local/share/texmf-dist/tex/latex/listings/lstlang1.sty
File: lstlang1.sty 2004/09/05 1.3 listings language file
)
(/opt/local/share/texmf-dist/tex/latex/listings/lstlang2.sty
File: lstlang2.sty 2004/09/05 1.3 listings language file
)
(/opt/local/share/texmf-dist/tex/latex/listings/lstmisc.sty
File: lstmisc.sty 2004/09/07 1.3 (Carsten Heinz)
) (./qm2pi.front.tex

Package hyperref Warning: bookmark level for unknown title defaults to 0.

) (./qm2pi.intro.tex

LaTeX Warning: Citation `375178' on page 1 undefined on input line 6.


LaTeX Warning: Citation `Gravitation' on page 1 undefined on input line 13.


LaTeX Warning: Citation `Dirac1930' on page 1 undefined on input line 13.


LaTeX Warning: Citation `bcsmith:phdthesis' on page 1 undefined on input line 3
2.


LaTeX Warning: Citation `319871' on page 1 undefined on input line 32.


LaTeX Warning: Citation `DBLP:conf/fossacs/BreugelMOW03' on page 1 undefined on
 input line 36.

[1



{/opt/local/share/texmf-var/fonts/map/pdftex/updmap/pdftex.map}]

LaTeX Warning: Citation `MathematicalFoundationsQM' on page 2 undefined on inpu
t line 43.


LaTeX Warning: Citation `544199' on page 2 undefined on input line 46.


LaTeX Warning: Citation `HowComeTime' on page 2 undefined on input line 48.


LaTeX Warning: Citation `DBLP:conf/lics/Abramsky04' on page 2 undefined on inpu
t line 54.


LaTeX Warning: Citation `DBLP:conf/calco/Abramsky05' on page 2 undefined on inp
ut line 55.

[2]
Underfull \vbox (badness 5802) has occurred while \output is active []

 [3])
(./qm2pi.process.calculi.tex

LaTeX Warning: Citation `MilnerCCS80' on page 4 undefined on input line 6.


LaTeX Warning: Citation `CSP' on page 4 undefined on input line 7.


LaTeX Warning: Citation `CSP1' on page 4 undefined on input line 7.


LaTeX Warning: Citation `CSP2' on page 4 undefined on input line 7.


LaTeX Warning: Citation `CSP3' on page 4 undefined on input line 7.


LaTeX Warning: Citation `ParrowWalker' on page 4 undefined on input line 9.


LaTeX Warning: Citation `CairesC04' on page 4 undefined on input line 10.


LaTeX Warning: Citation `CairesC03' on page 4 undefined on input line 10.


LaTeX Warning: Citation `Caires04' on page 4 undefined on input line 11.


LaTeX Warning: Citation `MeredithR05' on page 4 undefined on input line 12.


LaTeX Warning: Citation `meredith2005rho' on page 4 undefined on input line 12.



LaTeX Warning: Citation `AbadiB02' on page 4 undefined on input line 19.


LaTeX Warning: Citation `AbadiB03' on page 4 undefined on input line 20.


LaTeX Warning: Citation `BrownLM05' on page 4 undefined on input line 21.


LaTeX Warning: Citation `LaneveZ05' on page 4 undefined on input line 22.


LaTeX Warning: Citation `BrownLM05' on page 4 undefined on input line 24.


LaTeX Warning: Citation `djoin' on page 4 undefined on input line 25.


LaTeX Warning: Citation `JoCaml' on page 4 undefined on input line 26.


LaTeX Warning: Citation `WojciechowskiS99' on page 4 undefined on input line 27
.


LaTeX Warning: Citation `BrownLM05' on page 4 undefined on input line 29.


LaTeX Warning: Citation `LaneveZ05' on page 4 undefined on input line 30.


LaTeX Warning: Citation `MeredithB03' on page 4 undefined on input line 31.


LaTeX Warning: Citation `Cardelli04' on page 4 undefined on input line 33.


LaTeX Warning: Citation `DanosL03' on page 4 undefined on input line 34.


LaTeX Warning: Citation `RegevS03' on page 4 undefined on input line 35.


LaTeX Warning: Citation `PriamiRSS01' on page 4 undefined on input line 36.


LaTeX Warning: Citation `Milner93' on page 4 undefined on input line 43.


LaTeX Warning: Citation `Fokkink' on page 4 undefined on input line 46.

[4]

LaTeX Warning: Citation `MilnerS92' on page 5 undefined on input line 52.


LaTeX Warning: Citation `SangiorgiWalker' on page 5 undefined on input line 52.



LaTeX Warning: Citation `Sangiorgi95' on page 5 undefined on input line 52.


LaTeX Warning: Citation `hop' on page 5 undefined on input line 53.


LaTeX Warning: Citation `Abramsky2005Algorithmic-Gam' on page 5 undefined on in
put line 56.


LaTeX Warning: Citation `Caires04' on page 5 undefined on input line 57.


LaTeX Warning: Citation `milner92techniques' on page 5 undefined on input line 
67.


LaTeX Warning: Citation `SangiorgiWalker' on page 5 undefined on input line 68.



LaTeX Warning: Citation `Sangiorgi95' on page 5 undefined on input line 68.


LaTeX Warning: Citation `hop' on page 5 undefined on input line 68.

) (./qm2pi.rho.presentation.tex

LaTeX Warning: Citation `MeredithR05' on page 5 undefined on input line 10.

LaTeX Font Info:    Font shape `U/lasy/b/n' in size <8> not available
(Font)              Font shape `U/lasy/m/n' tried instead on input line 19.
LaTeX Font Info:    Font shape `U/lasy/b/n' in size <6> not available
(Font)              Font shape `U/lasy/m/n' tried instead on input line 19.

Underfull \vbox (badness 2080) has occurred while \output is active []

 [5]

LaTeX Warning: Citation `SangiorgiWalker' on page 6 undefined on input line 69.


[6]

LaTeX Warning: Reference `appendix:rho_details' on page 7 undefined on input li
ne 96.


Overfull \hbox (2.89227pt too wide) in paragraph at lines 91--97
\OT1/cmr/m/n/12 names and pro-cesses im-poses a mu-tual re-cur-sion on alpha-eq
uivalence
 []

LaTeX Font Info:    Try loading font information for OMS+cmtt on input line 101
.
LaTeX Font Info:    No file OMScmtt.fd. on input line 101.

LaTeX Font Warning: Font shape `OMS/cmtt/m/n' undefined
(Font)              using `OMS/cmsy/m/n' instead
(Font)              for symbol `textbraceleft' on input line 101.

[7] [8
! pdfTeX warning (ext4): destination with the same identifier (name{equation.1}
) has been already used, duplicate ignored
<to be read again> 
                   \endgroup \set@typeset@protect 
l.196 
      ]

LaTeX Warning: Citation `SangiorgiWalker' on page 9 undefined on input line 212
.

! pdfTeX warning (ext4): destination with the same identifier (name{equation.1}
) has been already used, duplicate ignored
<to be read again> 
                   \Hy@RestoreLastskip 
l.216 \begin{eqnarray}
                      
! pdfTeX warning (ext4): destination with the same identifier (name{equation.1}
) has been already used, duplicate ignored
<to be read again> 
                   \Hy@RestoreLastskip 
l.221 \begin{eqnarray}
                      
! pdfTeX warning (ext4): destination with the same identifier (name{equation.1}
) has been already used, duplicate ignored
<to be read again> 
                   \Hy@RestoreLastskip 
l.241 \begin{eqnarray}
                       [9]

LaTeX Warning: Citation `milner91polyadicpi' on page 10 undefined on input line
 282.

[10] [11]

LaTeX Warning: Citation `MeredithR05' on page 12 undefined on input line 399.

[12]

LaTeX Warning: Citation `MeredithR05' on page 13 undefined on input line 404.


LaTeX Warning: Citation `milner91polyadicpi' on page 13 undefined on input line
 407.

) (./qm2pi.qmops.tex [13] [14] [15] [16]
LaTeX Font Info:    Try loading font information for OMS+cmr on input line 212.


(/opt/local/share/texmf-dist/tex/latex/base/omscmr.fd
File: omscmr.fd 1999/05/25 v2.5h Standard LaTeX font definitions
)
LaTeX Font Info:    Font shape `OMS/cmr/m/it' in size <9> not available
(Font)              Font shape `OMS/cmsy/m/n' tried instead on input line 212.
LaTeX Font Info:    Try loading font information for OML+cmr on input line 215.


(/opt/local/share/texmf-dist/tex/latex/base/omlcmr.fd
File: omlcmr.fd 1999/05/25 v2.5h Standard LaTeX font definitions
)
LaTeX Font Info:    Font shape `OML/cmr/m/n' in size <9> not available
(Font)              Font shape `OML/cmm/m/it' tried instead on input line 215.
LaTeX Font Info:    Font shape `OMS/cmr/m/n' in size <9> not available
(Font)              Font shape `OMS/cmsy/m/n' tried instead on input line 216.


LaTeX Warning: Reference `fig:iterated_experiment' on page 17 undefined on inpu
t line 224.

[17]
Overfull \hbox (3.77257pt too wide) in paragraph at lines 244--251
[]\OT1/cmr/m/n/12 It is also worth not-ing in this con-nec-tion that this schem
a
 []


LaTeX Warning: Reference `tbl:core_qm_op_defns' on page 18 undefined on input l
ine 263.


Overfull \hbox (3.5196pt too wide) in paragraph at lines 263--265
 \OT1/cmr/bx/n/12 In-ter-pre-ta-tion[] \OT1/cmr/m/n/12 Ta-ble [] gives the core
 op-er-a-tional cor-re-spon-dences.
 []

[18]
Overfull \hbox (39.71912pt too wide) in paragraph at lines 310--326
 [] 
 []


Overfull \hbox (5.48187pt too wide) in paragraph at lines 310--326
 []$ 
 []


Overfull \hbox (8.53285pt too wide) in paragraph at lines 337--345
 \OT1/cmr/m/n/12 (\OML/cmm/m/it/12 ^^W x\OT1/cmr/m/n/12 )(\OML/cmm/m/it/12 ^^Wc
[]lr\OT1/cmr/m/n/12 )[ [\OMS/cmtt/m/n/12 h\OML/cmm/m/it/12 P[]\OT1/cmr/m/n/12 ]
 ](\OML/cmm/m/it/12 c[]\OT1/cmr/m/n/12 )\OMS/cmtt/m/n/12 h\OML/cmm/m/it/12 x\OM
S/cmtt/m/n/12 i j \OT1/cmr/m/n/12 [ [[]\OML/cmm/m/it/12 Q\OMS/cmtt/m/n/12 i\OT1
/cmr/m/n/12 ] ](\OML/cmm/m/it/12 c[]\OT1/cmr/m/n/12 )\OMS/cmtt/m/n/12 j \OML/cm
m/m/it/12 c[]\OT1/cmr/m/n/12 !(\OML/cmm/m/it/12 l; r\OT1/cmr/m/n/12 )\OML/cmm/m
/it/12 :l\OT1/cmr/m/n/12 ?(\OML/cmm/m/it/12 p\OT1/cmr/m/n/12 )\OML/cmm/m/it/12 
:r\OT1/cmr/m/n/12 ?(\OML/cmm/m/it/12 q\OT1/cmr/m/n/12 )\OML/cmm/m/it/12 :c\OMS/
cmtt/m/n/12 h j []\U/msa/m/n/12 q\OML/cmm/m/it/12 p\U/msa/m/n/12 p\OMS/cmtt/m/n
/12 j\OML/cmm/m/it/12 x\OT1/cmr/m/n/12 !(\OML/cmm/m/it/12 q\OT1/cmr/m/n/12 )\OM
S/cmtt/m/n/12 j i$ 
 []


Underfull \vbox (badness 8151) has occurred while \output is active []

 [19]
LaTeX Font Info:    Font shape `OML/cmr/m/n' in size <12> not available
(Font)              Font shape `OML/cmm/m/it' tried instead on input line 397.
LaTeX Font Info:    Font shape `OMS/cmr/m/n' in size <12> not available
(Font)              Font shape `OMS/cmsy/m/n' tried instead on input line 398.

[20]

LaTeX Warning: Reference `rem:abstract_scalars' on page 21 undefined on input l
ine 431.


LaTeX Warning: Citation `DBLP:conf/concur/Yoshida98' on page 21 undefined on in
put line 440.


LaTeX Warning: Citation `Barendregt84' on page 21 undefined on input line 454.

[21]) (./qm2pi.sterngerlach.tex) (./qm2pi.metric.tex [22]

LaTeX Warning: Citation `DBLP:journals/tcs/CairesC04' on page 23 undefined on i
nput line 60.


LaTeX Warning: Citation `DBLP:journals/tcs/CairesC04' on page 23 undefined on i
nput line 70.

[23]

LaTeX Warning: Citation `DBLP:conf/fossacs/Caires04' on page 24 undefined on in
put line 101.

! pdfTeX warning (ext4): destination with the same identifier (name{equation.1}
) has been already used, duplicate ignored
<to be read again> 
                   \Hy@RestoreLastskip 
l.105 \begin{eqnarray}
                      
! pdfTeX warning (ext4): destination with the same identifier (name{equation.1}
) has been already used, duplicate ignored
<to be read again> 
                   \Hy@RestoreLastskip 
l.116 \begin{eqnarray}
                      
! pdfTeX warning (ext4): destination with the same identifier (name{equation.1}
) has been already used, duplicate ignored
<to be read again> 
                   \Hy@RestoreLastskip 
l.124 \begin{eqnarray}
                       [24]
! pdfTeX warning (ext4): destination with the same identifier (name{equation.1}
) has been already used, duplicate ignored
<to be read again> 
                   \Hy@RestoreLastskip 
l.160 \begin{eqnarray}
                       [25]
! pdfTeX warning (ext4): destination with the same identifier (name{equation.1}
) has been already used, duplicate ignored
<to be read again> 
                   \Hy@RestoreLastskip 
l.177 \begin{eqnarray}
                      
! pdfTeX warning (ext4): destination with the same identifier (name{equation.1}
) has been already used, duplicate ignored
<to be read again> 
                   \Hy@RestoreLastskip 
l.189 \begin{eqnarray}
                      ) (./qm2pi.conclusion.tex [26]

LaTeX Warning: Reference `sec:quantum_continuation' on page 27 undefined on inp
ut line 36.


LaTeX Warning: Citation `DBLP:conf/popl/GayN05' on page 27 undefined on input l
ine 47.


LaTeX Warning: Citation `DBLP:conf/lics/AbramskyC04' on page 27 undefined on in
put line 47.


LaTeX Warning: Citation `DBLP:conf/tlca/SelingerV05' on page 27 undefined on in
put line 49.


LaTeX Warning: Citation `DBLP:conf/flops/Selinger04' on page 27 undefined on in
put line 50.

[27] [28]) (./qm2pi.ack.tex)
Overfull \hbox (9.67693pt too wide) in paragraph at lines 2--98
\OT1/cmr/m/n/12 ing the normalization-by-evaluation pro-gram to his at-ten-tion
. It turned
 []

[29]
No file qm2pi.bbl.
(./qm2pi.rhodetails.tex
Underfull \vbox (badness 3333) has occurred while \output is active []

 [30]
! pdfTeX warning (ext4): destination with the same identifier (name{equation.1}
) has been already used, duplicate ignored
<to be read again> 
                   \Hy@RestoreLastskip 
l.83 \begin{eqnarray}
                     
! pdfTeX warning (ext4): destination with the same identifier (name{equation.1}
) has been already used, duplicate ignored
<to be read again> 
                   \Hy@RestoreLastskip 
l.103 \begin{eqnarray}
                       [31]
! pdfTeX warning (ext4): destination with the same identifier (name{equation.1}
) has been already used, duplicate ignored
<to be read again> 
                   \Hy@RestoreLastskip 
l.135 \begin{eqnarray}
                      ) [32] (./qm2pi.aux)

LaTeX Font Warning: Some font shapes were not available, defaults substituted.


LaTeX Warning: There were undefined references.


LaTeX Warning: Label(s) may have changed. Rerun to get cross-references right.

 ) 
Here is how much of TeX's memory you used:
 5353 strings out of 94500
 71187 string characters out of 1174972
 138670 words of memory out of 1000000
 8231 multiletter control sequences out of 10000+50000
 19816 words of font info for 77 fonts, out of 500000 for 2000
 580 hyphenation exceptions out of 1000
 33i,17n,68p,278b,1336s stack positions out of 1500i,500n,5000p,200000b,5000s
PDF statistics:
 346 PDF objects out of 300000
 146 named destinations out of 131072
 17 words of extra memory for PDF output out of 65536
</opt/local/share/texmf-dist/fonts/type1/bluesky/cm/cmss12.pfb></opt/local/sh
are/texmf-dist/fonts/type1/public/tt2001/fmex9.pfb></opt/local/share/texmf-dist
/fonts/type1/bluesky/symbols/msam10.pfb></opt/local/share/texmf-dist/fonts/type
1/bluesky/cm/cmmi6.pfb></opt/local/share/texmf-dist/fonts/type1/bluesky/cm/cmti
9.pfb></opt/local/share/texmf-dist/fonts/type1/bluesky/cm/cmmi9.pfb></opt/local
/share/texmf-dist/fonts/type1/bluesky/cm/cmsy9.pfb></opt/local/share/texmf-dist
/fonts/type1/bluesky/cm/cmsy6.pfb></opt/local/share/texmf-dist/fonts/type1/blue
sky/latex/lasy8.pfb></opt/local/share/texmf-dist/fonts/type1/bluesky/latex/lasy
10.pfb></opt/local/share/texmf-dist/fonts/type1/bluesky/symbols/msam7.pfb></opt
/local/share/texmf-dist/fonts/type1/bluesky/cm/cmtt12.pfb></opt/local/share/tex
mf-dist/fonts/type1/bluesky/symbols/msbm10.pfb></opt/local/share/texmf-dist/fon
ts/type1/bluesky/cm/cmex10.pfb></opt/local/share/texmf-dist/fonts/type1/bluesky
/cm/cmbxti10.pfb></opt/local/share/texmf-dist/fonts/type1/bluesky/cm/cmmi8.pfb>
</opt/local/share/texmf-dist/fonts/type1/bluesky/symbols/msam10.pfb></opt/local
/share/texmf-dist/fonts/type1/bluesky/cm/cmmib10.pfb></opt/local/share/texmf-di
st/fonts/type1/bluesky/cm/cmsy10.pfb></opt/local/share/texmf-dist/fonts/type1/b
luesky/cm/cmcsc10.pfb></opt/local/share/texmf-dist/fonts/type1/bluesky/cm/cmsy8
.pfb></opt/local/share/texmf-dist/fonts/type1/bluesky/cm/cmmi12.pfb></opt/local
/share/texmf-dist/fonts/type1/bluesky/cm/cmr6.pfb></opt/local/share/texmf-dist/
fonts/type1/bluesky/cm/cmti12.pfb></opt/local/share/texmf-dist/fonts/type1/blue
sky/cm/cmbx9.pfb></opt/local/share/texmf-dist/fonts/type1/bluesky/cm/cmtt9.pfb>
</opt/local/share/texmf-dist/fonts/type1/bluesky/cm/cmr9.pfb></opt/local/share/
texmf-dist/fonts/type1/bluesky/cm/cmr8.pfb></opt/local/share/texmf-dist/fonts/t
ype1/bluesky/cm/cmr12.pfb></opt/local/share/texmf-dist/fonts/type1/bluesky/cm/c
mbx12.pfb>
Output written on qm2pi.pdf (32 pages, 275997 bytes).
