\BOOKMARK [1][-]{section.1}{Presentation of strid}{}% 1
\BOOKMARK [2][-]{subsection.1.1}{A first example}{section.1}% 2
\BOOKMARK [2][-]{subsection.1.2}{Visualizing your diagram}{section.1}% 3
\BOOKMARK [1][-]{section.2}{The operators}{}% 4
\BOOKMARK [2][-]{subsection.2.1}{Line: line}{section.2}% 5
\BOOKMARK [2][-]{subsection.2.2}{Multiplication: mult}{section.2}% 6
\BOOKMARK [2][-]{subsection.2.3}{Unit: unit}{section.2}% 7
\BOOKMARK [2][-]{subsection.2.4}{Adjunction: adj}{section.2}% 8
\BOOKMARK [2][-]{subsection.2.5}{Symmetry: sym}{section.2}% 9
\BOOKMARK [2][-]{subsection.2.6}{Braiding: braid}{section.2}% 10
\BOOKMARK [2][-]{subsection.2.7}{m,n-ary box: mboxn}{section.2}% 11
\BOOKMARK [2][-]{subsection.2.8}{Vertical box: vbox}{section.2}% 12
\BOOKMARK [2][-]{subsection.2.9}{Region: region}{section.2}% 13
\BOOKMARK [1][-]{section.3}{Parameters of operators}{}% 14
\BOOKMARK [2][-]{subsection.3.1}{Labels}{section.3}% 15
\BOOKMARK [3][-]{subsubsection.3.1.1}{Triangles: triangle / t}{subsection.3.1}% 16
\BOOKMARK [3][-]{subsubsection.3.1.2}{Rectangles: rectangle / r}{subsection.3.1}% 17
\BOOKMARK [2][-]{subsection.3.2}{Arrows}{section.3}% 18
\BOOKMARK [1][-]{section.4}{Configuration files}{}% 19
\BOOKMARK [1][-]{section.5}{Examples}{}% 20
\BOOKMARK [2][-]{subsection.5.1}{Yang-Baxter equality for braids}{section.5}% 21
\BOOKMARK [2][-]{subsection.5.2}{Hopf law for bialgebras}{section.5}% 22
\BOOKMARK [2][-]{subsection.5.3}{Naturality condition for natural transformations between two lax functors between bicategories}{section.5}% 23
